Microsoft HTML Help Compiler 4.74.8702

Compiling c:\Documents and Settings\Scott\Desktop\save me - important\Crazy Eights\CrazyEights\help\crazyeights.chm


Compile time: 0 minutes, 0 seconds
2	Topics
3	Local links
0	Internet links
0	Graphics


Created c:\Documents and Settings\Scott\Desktop\save me - important\Crazy Eights\CrazyEights\help\crazyeights.chm, 11,846 bytes
Compression increased file by 7,984 bytes.
Microsoft HTML Help Compiler 4.74.8702

Compiling c:\Documents and Settings\Scott\Desktop\save me - important\Crazy Eights\CrazyEights\help\crazyeights.chm


Compile time: 0 minutes, 0 seconds
2	Topics
4	Local links
0	Internet links
0	Graphics


Created c:\Documents and Settings\Scott\Desktop\save me - important\Crazy Eights\CrazyEights\help\crazyeights.chm, 11,876 bytes
Compression increased file by 7,842 bytes.
Microsoft HTML Help Compiler 4.74.8702

Compiling c:\Documents and Settings\Scott\Desktop\save me - important\Crazy Eights\CrazyEights\help\crazyeights.chm


Compile time: 0 minutes, 0 seconds
2	Topics
4	Local links
0	Internet links
0	Graphics


Created c:\Documents and Settings\Scott\Desktop\save me - important\Crazy Eights\CrazyEights\help\crazyeights.chm, 12,012 bytes
Compression increased file by 7,679 bytes.
