Microsoft HTML Help Compiler 4.74.8702

Compiling c:\Documents and Settings\Scott\Desktop\save me - important\Crazy Eights\CrazyEights\crazyeights.chm


Compile time: 0 minutes, 0 seconds
2	Topics
2	Local links
0	Internet links
0	Graphics


Created c:\Documents and Settings\Scott\Desktop\save me - important\Crazy Eights\CrazyEights\crazyeights.chm, 10,680 bytes
Compression increased file by 9,484 bytes.
Microsoft HTML Help Compiler 4.74.8702

Compiling c:\Documents and Settings\Scott\Desktop\save me - important\Crazy Eights\CrazyEights\crazyeights.chm


Compile time: 0 minutes, 0 seconds
2	Topics
2	Local links
0	Internet links
0	Graphics


Created c:\Documents and Settings\Scott\Desktop\save me - important\Crazy Eights\CrazyEights\crazyeights.chm, 10,680 bytes
Compression increased file by 9,484 bytes.
Microsoft HTML Help Compiler 4.74.8702

Compiling c:\Documents and Settings\Scott\Desktop\save me - important\Crazy Eights\CrazyEights\crazyeights.chm


Compile time: 0 minutes, 0 seconds
2	Topics
2	Local links
0	Internet links
0	Graphics


Created c:\Documents and Settings\Scott\Desktop\save me - important\Crazy Eights\CrazyEights\crazyeights.chm, 11,606 bytes
Compression increased file by 8,521 bytes.
Microsoft HTML Help Compiler 4.74.8702

Compiling c:\Documents and Settings\Scott\Desktop\save me - important\Crazy Eights\CrazyEights\crazyeights.chm


Compile time: 0 minutes, 0 seconds
2	Topics
2	Local links
0	Internet links
0	Graphics


Created c:\Documents and Settings\Scott\Desktop\save me - important\Crazy Eights\CrazyEights\crazyeights.chm, 11,624 bytes
Compression increased file by 7,271 bytes.
Microsoft HTML Help Compiler 4.74.8702

Compiling c:\Documents and Settings\Scott\Desktop\save me - important\Crazy Eights\CrazyEights\crazyeights.chm


Compile time: 0 minutes, 0 seconds
2	Topics
2	Local links
0	Internet links
0	Graphics


Created c:\Documents and Settings\Scott\Desktop\save me - important\Crazy Eights\CrazyEights\crazyeights.chm, 11,626 bytes
Compression increased file by 7,272 bytes.
HHC5010: Error: Cannot open "c:\Documents and Settings\Scott\Desktop\save me - important\Crazy Eights\CrazyEights\crazyeights.chm". Compilation stopped.
Microsoft HTML Help Compiler 4.74.8702

Compiling c:\Documents and Settings\Scott\Desktop\save me - important\Crazy Eights\CrazyEights\crazyeights.chm


Compile time: 0 minutes, 0 seconds
2	Topics
2	Local links
0	Internet links
0	Graphics


Created c:\Documents and Settings\Scott\Desktop\save me - important\Crazy Eights\CrazyEights\crazyeights.chm, 11,718 bytes
Compression increased file by 6,603 bytes.
Microsoft HTML Help Compiler 4.74.8702

Compiling c:\Documents and Settings\Scott\Desktop\save me - important\Crazy Eights\CrazyEights\crazyeights.chm


Compile time: 0 minutes, 0 seconds
2	Topics
2	Local links
0	Internet links
0	Graphics


Created c:\Documents and Settings\Scott\Desktop\save me - important\Crazy Eights\CrazyEights\crazyeights.chm, 11,730 bytes
Compression increased file by 6,648 bytes.
HHC5010: Error: Cannot open "c:\Documents and Settings\Scott\Desktop\save me - important\Crazy Eights\CrazyEights\crazyeights.chm". Compilation stopped.
Microsoft HTML Help Compiler 4.74.8702

Compiling c:\Documents and Settings\Scott\Desktop\save me - important\Crazy Eights\CrazyEights\crazyeights.chm


Compile time: 0 minutes, 0 seconds
2	Topics
2	Local links
0	Internet links
0	Graphics


Created c:\Documents and Settings\Scott\Desktop\save me - important\Crazy Eights\CrazyEights\crazyeights.chm, 11,732 bytes
Compression increased file by 6,636 bytes.
HHC5010: Error: Cannot open "c:\Documents and Settings\Scott\Desktop\save me - important\Crazy Eights\CrazyEights\crazyeights.chm". Compilation stopped.
Microsoft HTML Help Compiler 4.74.8702

Compiling c:\Documents and Settings\Scott\Desktop\save me - important\Crazy Eights\CrazyEights\crazyeights.chm


Compile time: 0 minutes, 0 seconds
2	Topics
2	Local links
0	Internet links
0	Graphics


Created c:\Documents and Settings\Scott\Desktop\save me - important\Crazy Eights\CrazyEights\crazyeights.chm, 11,732 bytes
Compression increased file by 6,635 bytes.
Microsoft HTML Help Compiler 4.74.8702

Compiling c:\Documents and Settings\Scott\Desktop\save me - important\Crazy Eights\CrazyEights\crazyeights.chm


Compile time: 0 minutes, 0 seconds
2	Topics
2	Local links
0	Internet links
0	Graphics


Created c:\Documents and Settings\Scott\Desktop\save me - important\Crazy Eights\CrazyEights\crazyeights.chm, 11,750 bytes
Compression increased file by 6,571 bytes.
HHC5010: Error: Cannot open "c:\Documents and Settings\Scott\Desktop\save me - important\Crazy Eights\CrazyEights\crazyeights.chm". Compilation stopped.
Microsoft HTML Help Compiler 4.74.8702

Compiling c:\Documents and Settings\Scott\Desktop\save me - important\Crazy Eights\CrazyEights\crazyeights.chm


Compile time: 0 minutes, 0 seconds
2	Topics
2	Local links
0	Internet links
0	Graphics


Created c:\Documents and Settings\Scott\Desktop\save me - important\Crazy Eights\CrazyEights\crazyeights.chm, 11,754 bytes
Compression increased file by 6,575 bytes.
Microsoft HTML Help Compiler 4.74.8702

Compiling c:\Documents and Settings\Scott\Desktop\save me - important\Crazy Eights\CrazyEights\crazyeights.chm


Compile time: 0 minutes, 0 seconds
2	Topics
2	Local links
0	Internet links
0	Graphics


Created c:\Documents and Settings\Scott\Desktop\save me - important\Crazy Eights\CrazyEights\crazyeights.chm, 11,748 bytes
Compression increased file by 6,564 bytes.
Microsoft HTML Help Compiler 4.74.8702

Compiling c:\Documents and Settings\Scott\Desktop\save me - important\Crazy Eights\CrazyEights\crazyeights.chm


Compile time: 0 minutes, 0 seconds
2	Topics
2	Local links
0	Internet links
0	Graphics


Created c:\Documents and Settings\Scott\Desktop\save me - important\Crazy Eights\CrazyEights\crazyeights.chm, 11,730 bytes
Compression increased file by 6,575 bytes.
HHC5010: Error: Cannot open "c:\Documents and Settings\Scott\Desktop\save me - important\Crazy Eights\CrazyEights\crazyeights.chm". Compilation stopped.
Microsoft HTML Help Compiler 4.74.8702

Compiling c:\Documents and Settings\Scott\Desktop\save me - important\Crazy Eights\CrazyEights\crazyeights.chm


Compile time: 0 minutes, 0 seconds
2	Topics
2	Local links
0	Internet links
0	Graphics


Created c:\Documents and Settings\Scott\Desktop\save me - important\Crazy Eights\CrazyEights\crazyeights.chm, 11,736 bytes
Compression increased file by 6,576 bytes.
Microsoft HTML Help Compiler 4.74.8702

Compiling c:\Documents and Settings\Scott\Desktop\save me - important\Crazy Eights\CrazyEights\crazyeights.chm


Compile time: 0 minutes, 0 seconds
2	Topics
2	Local links
0	Internet links
0	Graphics


Created c:\Documents and Settings\Scott\Desktop\save me - important\Crazy Eights\CrazyEights\crazyeights.chm, 11,746 bytes
Compression increased file by 7,156 bytes.
Microsoft HTML Help Compiler 4.74.8702

Compiling c:\Documents and Settings\Scott\Desktop\save me - important\Crazy Eights\CrazyEights\crazyeights.chm


Compile time: 0 minutes, 0 seconds
2	Topics
2	Local links
0	Internet links
0	Graphics


Created c:\Documents and Settings\Scott\Desktop\save me - important\Crazy Eights\CrazyEights\crazyeights.chm, 11,746 bytes
Compression increased file by 7,166 bytes.
Microsoft HTML Help Compiler 4.74.8702

Compiling c:\Documents and Settings\Scott\Desktop\save me - important\Crazy Eights\CrazyEights\crazyeights.chm


Compile time: 0 minutes, 0 seconds
2	Topics
2	Local links
0	Internet links
0	Graphics


Created c:\Documents and Settings\Scott\Desktop\save me - important\Crazy Eights\CrazyEights\crazyeights.chm, 11,722 bytes
Compression increased file by 8,316 bytes.
Microsoft HTML Help Compiler 4.74.8702

Compiling c:\Documents and Settings\Scott\Desktop\save me - important\Crazy Eights\CrazyEights\crazyeights.chm


Compile time: 0 minutes, 0 seconds
2	Topics
2	Local links
0	Internet links
0	Graphics


Created c:\Documents and Settings\Scott\Desktop\save me - important\Crazy Eights\CrazyEights\crazyeights.chm, 11,714 bytes
Compression increased file by 8,294 bytes.
Microsoft HTML Help Compiler 4.74.8702

Compiling c:\Documents and Settings\Scott\Desktop\save me - important\Crazy Eights\CrazyEights\crazyeights.chm


Compile time: 0 minutes, 0 seconds
2	Topics
2	Local links
0	Internet links
0	Graphics


Created c:\Documents and Settings\Scott\Desktop\save me - important\Crazy Eights\CrazyEights\crazyeights.chm, 11,724 bytes
Compression increased file by 8,310 bytes.
Microsoft HTML Help Compiler 4.74.8702

Compiling c:\Documents and Settings\Scott\Desktop\save me - important\Crazy Eights\CrazyEights\crazyeights.chm


Compile time: 0 minutes, 0 seconds
2	Topics
2	Local links
0	Internet links
0	Graphics


Created c:\Documents and Settings\Scott\Desktop\save me - important\Crazy Eights\CrazyEights\crazyeights.chm, 11,724 bytes
Compression increased file by 8,312 bytes.
Microsoft HTML Help Compiler 4.74.8702

Compiling c:\Documents and Settings\Scott\Desktop\save me - important\Crazy Eights\CrazyEights\crazyeights.chm


Compile time: 0 minutes, 0 seconds
2	Topics
2	Local links
0	Internet links
0	Graphics


Created c:\Documents and Settings\Scott\Desktop\save me - important\Crazy Eights\CrazyEights\crazyeights.chm, 11,728 bytes
Compression increased file by 8,316 bytes.
Microsoft HTML Help Compiler 4.74.8702

Compiling c:\Documents and Settings\Scott\Desktop\save me - important\Crazy Eights\CrazyEights\crazyeights.chm


Compile time: 0 minutes, 0 seconds
2	Topics
2	Local links
0	Internet links
0	Graphics


Created c:\Documents and Settings\Scott\Desktop\save me - important\Crazy Eights\CrazyEights\crazyeights.chm, 11,764 bytes
Compression increased file by 8,295 bytes.
Microsoft HTML Help Compiler 4.74.8702

Compiling c:\Documents and Settings\Scott\Desktop\save me - important\Crazy Eights\CrazyEights\crazyeights.chm


Compile time: 0 minutes, 0 seconds
2	Topics
2	Local links
0	Internet links
0	Graphics


Created c:\Documents and Settings\Scott\Desktop\save me - important\Crazy Eights\CrazyEights\crazyeights.chm, 11,762 bytes
Compression increased file by 8,293 bytes.
Microsoft HTML Help Compiler 4.74.8702

Compiling c:\Documents and Settings\Scott\Desktop\save me - important\Crazy Eights\CrazyEights\crazyeights.chm


Compile time: 0 minutes, 0 seconds
2	Topics
2	Local links
0	Internet links
0	Graphics


Created c:\Documents and Settings\Scott\Desktop\save me - important\Crazy Eights\CrazyEights\crazyeights.chm, 11,760 bytes
Compression increased file by 8,291 bytes.
Microsoft HTML Help Compiler 4.74.8702

Compiling c:\Documents and Settings\Scott\Desktop\save me - important\Crazy Eights\CrazyEights\crazyeights.chm


Compile time: 0 minutes, 0 seconds
2	Topics
2	Local links
0	Internet links
0	Graphics


Created c:\Documents and Settings\Scott\Desktop\save me - important\Crazy Eights\CrazyEights\crazyeights.chm, 11,762 bytes
Compression increased file by 8,292 bytes.
Microsoft HTML Help Compiler 4.74.8702

Compiling c:\Documents and Settings\Scott\Desktop\save me - important\Crazy Eights\CrazyEights\crazyeights.chm


Compile time: 0 minutes, 0 seconds
2	Topics
2	Local links
0	Internet links
0	Graphics


Created c:\Documents and Settings\Scott\Desktop\save me - important\Crazy Eights\CrazyEights\crazyeights.chm, 11,778 bytes
Compression increased file by 8,285 bytes.
Microsoft HTML Help Compiler 4.74.8702

Compiling c:\Documents and Settings\Scott\Desktop\save me - important\Crazy Eights\CrazyEights\crazyeights.chm


Compile time: 0 minutes, 0 seconds
2	Topics
2	Local links
0	Internet links
0	Graphics


Created c:\Documents and Settings\Scott\Desktop\save me - important\Crazy Eights\CrazyEights\crazyeights.chm, 11,784 bytes
Compression increased file by 8,075 bytes.
Microsoft HTML Help Compiler 4.74.8702

Compiling c:\Documents and Settings\Scott\Desktop\save me - important\Crazy Eights\CrazyEights\crazyeights.chm


Compile time: 0 minutes, 0 seconds
2	Topics
2	Local links
0	Internet links
0	Graphics


Created c:\Documents and Settings\Scott\Desktop\save me - important\Crazy Eights\CrazyEights\crazyeights.chm, 11,788 bytes
Compression increased file by 8,064 bytes.
Microsoft HTML Help Compiler 4.74.8702

Compiling c:\Documents and Settings\Scott\Desktop\save me - important\Crazy Eights\CrazyEights\crazyeights.chm


Compile time: 0 minutes, 0 seconds
2	Topics
2	Local links
0	Internet links
0	Graphics


Created c:\Documents and Settings\Scott\Desktop\save me - important\Crazy Eights\CrazyEights\crazyeights.chm, 11,780 bytes
Compression increased file by 8,079 bytes.
Microsoft HTML Help Compiler 4.74.8702

Compiling c:\Documents and Settings\Scott\Desktop\save me - important\Crazy Eights\CrazyEights\crazyeights.chm


Compile time: 0 minutes, 0 seconds
2	Topics
2	Local links
0	Internet links
0	Graphics


Created c:\Documents and Settings\Scott\Desktop\save me - important\Crazy Eights\CrazyEights\crazyeights.chm, 11,782 bytes
Compression increased file by 8,072 bytes.
Microsoft HTML Help Compiler 4.74.8702

Compiling c:\Documents and Settings\Scott\Desktop\save me - important\Crazy Eights\CrazyEights\crazyeights.chm


Compile time: 0 minutes, 0 seconds
2	Topics
2	Local links
0	Internet links
0	Graphics


Created c:\Documents and Settings\Scott\Desktop\save me - important\Crazy Eights\CrazyEights\crazyeights.chm, 11,782 bytes
Compression increased file by 8,077 bytes.
Microsoft HTML Help Compiler 4.74.8702

Compiling c:\Documents and Settings\Scott\Desktop\save me - important\Crazy Eights\CrazyEights\crazyeights.chm


Compile time: 0 minutes, 0 seconds
2	Topics
2	Local links
0	Internet links
0	Graphics


Created c:\Documents and Settings\Scott\Desktop\save me - important\Crazy Eights\CrazyEights\crazyeights.chm, 11,784 bytes
Compression increased file by 8,079 bytes.
Microsoft HTML Help Compiler 4.74.8702

Compiling c:\Documents and Settings\Scott\Desktop\save me - important\Crazy Eights\CrazyEights\crazyeights.chm


Compile time: 0 minutes, 0 seconds
2	Topics
2	Local links
0	Internet links
0	Graphics


Created c:\Documents and Settings\Scott\Desktop\save me - important\Crazy Eights\CrazyEights\crazyeights.chm, 11,778 bytes
Compression increased file by 8,084 bytes.
Microsoft HTML Help Compiler 4.74.8702

Compiling c:\Documents and Settings\Scott\Desktop\save me - important\Crazy Eights\CrazyEights\crazyeights.chm


Compile time: 0 minutes, 0 seconds
2	Topics
2	Local links
0	Internet links
0	Graphics


Created c:\Documents and Settings\Scott\Desktop\save me - important\Crazy Eights\CrazyEights\crazyeights.chm, 11,778 bytes
Compression increased file by 8,079 bytes.
Microsoft HTML Help Compiler 4.74.8702

Compiling c:\Documents and Settings\Scott\Desktop\save me - important\Crazy Eights\CrazyEights\crazyeights.chm


Compile time: 0 minutes, 0 seconds
2	Topics
2	Local links
0	Internet links
0	Graphics


Created c:\Documents and Settings\Scott\Desktop\save me - important\Crazy Eights\CrazyEights\crazyeights.chm, 11,776 bytes
Compression increased file by 8,084 bytes.
Microsoft HTML Help Compiler 4.74.8702

Compiling c:\Documents and Settings\Scott\Desktop\save me - important\Crazy Eights\CrazyEights\crazyeights.chm


Compile time: 0 minutes, 0 seconds
2	Topics
2	Local links
0	Internet links
0	Graphics


Created c:\Documents and Settings\Scott\Desktop\save me - important\Crazy Eights\CrazyEights\crazyeights.chm, 11,776 bytes
Compression increased file by 8,084 bytes.
